Build started 6/3/2015 3:45:55 PM.
     1>Project "G:\Visual Studio 2013\PTAMM\CameraCalibrator\CameraCalibrator.vcxproj" on node 3 (Build target(s)).
     1>ClCompile:
         C:\Program Files (x86)\Microsoft Visual Studio 12.0\VC\bin\CL.exe /c /I"G:\code\\pthreads-2-9-1\Pre-built.2\include" /IG:\code\\LaPack\blas /IG:\code\\LaPack\lapack /I"C:\Program Files (x86)\Microsoft SDKs\Windows\v7.0A\Include" /I"G:\code\opencv2.4\opencv\build-self\install\include" /I"G:\code\\gvars3-2013" /I"G:\code\\libcvd-2013" /IG:\code\\TooN\ /I"G:\code\\glew-1.9.0\include" /IG:\code\\TooN /ZI /nologo /W3 /WX- /sdl /Od /Oy- /D GLEW_STATIC /D _MBCS /Gm /EHsc /RTC1 /MTd /GS /fp:precise /Zc:wchar_t /Zc:forScope /Fo"Debug\\" /Fd"Debug\vc120.pdb" /Gd /TP /analyze- /errorReport:prompt -D_SCL_SECURE_NO_WARNINGS ..\PTAMM\ATANCamera.cc ..\PTAMM\CalibCornerPatch.cc ..\PTAMM\CalibImage.cc ..\PTAMM\CameraCalibrator.cc ..\PTAMM\GLWindow2.cc ..\PTAMM\GLWindowMenu.cc ..\PTAMM\VideoSource_GHOST.cc
         VideoSource_GHOST.cc
     1>c:\program files (x86)\microsoft sdks\windows\v7.0a\include\sal_supp.h(57): warning C4005: '__useHeader' : macro redefinition
                 c:\program files (x86)\microsoft visual studio 12.0\vc\include\sal.h(2886) : see previous definition of '__useHeader'
     1>c:\program files (x86)\microsoft sdks\windows\v7.0a\include\specstrings_supp.h(77): warning C4005: '__on_failure' : macro redefinition
                 c:\program files (x86)\microsoft visual studio 12.0\vc\include\sal.h(2896) : see previous definition of '__on_failure'
     1>g:\code\libcvd-2013\cvd\internal\win.h(5): warning C4005: '_WIN32_WINNT' : macro redefinition
                 c:\program files (x86)\microsoft sdks\windows\v7.0a\include\sdkddkver.h(197) : see previous definition of '_WIN32_WINNT'
     1>g:\visual studio 2013\ptamm\ptamm\videosource_ghost.cc(471): warning C4244: '-=' : conversion from 'double' to 'int', possible loss of data
         GLWindowMenu.cc
         GLWindow2.cc
         CameraCalibrator.cc
     1>g:\code\toon\toon\so3.h(54): warning C4396: 'TooN::operator >>' : the inline specifier cannot be used when a friend declaration refers to a specialization of a function template
                 g:\code\toon\toon\se3.h(153) : see reference to class template instantiation 'TooN::SO3<Precision>' being compiled
                 with
                 [
                     Precision=double
                 ]
                 g:\visual studio 2013\ptamm\ptamm\calibimage.h(41) : see reference to class template instantiation 'TooN::SE3<double>' being compiled
     1>g:\code\toon\toon\so3.h(55): warning C4396: 'TooN::operator >>' : the inline specifier cannot be used when a friend declaration refers to a specialization of a function template
     1>c:\program files (x86)\microsoft sdks\windows\v7.0a\include\sal_supp.h(57): warning C4005: '__useHeader' : macro redefinition
                 c:\program files (x86)\microsoft visual studio 12.0\vc\include\sal.h(2886) : see previous definition of '__useHeader'
     1>c:\program files (x86)\microsoft sdks\windows\v7.0a\include\specstrings_supp.h(77): warning C4005: '__on_failure' : macro redefinition
                 c:\program files (x86)\microsoft visual studio 12.0\vc\include\sal.h(2896) : see previous definition of '__on_failure'
         CalibImage.cc
     1>g:\code\toon\toon\so3.h(54): warning C4396: 'TooN::operator >>' : the inline specifier cannot be used when a friend declaration refers to a specialization of a function template
                 g:\code\toon\toon\se3.h(153) : see reference to class template instantiation 'TooN::SO3<Precision>' being compiled
                 with
                 [
                     Precision=double
                 ]
                 g:\visual studio 2013\ptamm\ptamm\calibimage.h(41) : see reference to class template instantiation 'TooN::SE3<double>' being compiled
     1>g:\code\toon\toon\so3.h(55): warning C4396: 'TooN::operator >>' : the inline specifier cannot be used when a friend declaration refers to a specialization of a function template
     1>g:\code\libcvd-2013\cvd\image_interpolate.h(187): warning C4244: '=' : conversion from 'double' to 'float', possible loss of data
                 g:\code\libcvd-2013\cvd\image_interpolate.h(173) : while compiling class template member function 'float CVD::image_interpolate<CVD::Interpolate::Bilinear,CVD::byte>::operator [](const TooN::Vector<2,TooN::DefaultPrecision,TooN::Internal::VBase> &) const'
                 g:\visual studio 2013\ptamm\ptamm\calibimage.cc(93) : see reference to function template instantiation 'float CVD::image_interpolate<CVD::Interpolate::Bilinear,CVD::byte>::operator [](const TooN::Vector<2,TooN::DefaultPrecision,TooN::Internal::VBase> &) const' being compiled
                 g:\visual studio 2013\ptamm\ptamm\calibimage.cc(79) : see reference to class template instantiation 'CVD::image_interpolate<CVD::Interpolate::Bilinear,CVD::byte>' being compiled
     1>g:\code\libcvd-2013\cvd\image_interpolate.h(190): warning C4244: '=' : conversion from 'double' to 'float', possible loss of data
     1>g:\code\libcvd-2013\cvd\image_interpolate.h(193): warning C4244: '=' : conversion from 'double' to 'float', possible loss of data
     1>g:\code\libcvd-2013\cvd\image_interpolate.h(196): warning C4244: '=' : conversion from 'double' to 'float', possible loss of data
         CalibCornerPatch.cc
     1>g:\code\libcvd-2013\cvd\image_interpolate.h(187): warning C4244: '=' : conversion from 'double' to 'float', possible loss of data
                 g:\code\libcvd-2013\cvd\image_interpolate.h(173) : while compiling class template member function 'float CVD::image_interpolate<CVD::Interpolate::Bilinear,CVD::byte>::operator [](const TooN::Vector<2,TooN::DefaultPrecision,TooN::Internal::VBase> &) const'
                 g:\visual studio 2013\ptamm\ptamm\calibcornerpatch.cc(155) : see reference to function template instantiation 'float CVD::image_interpolate<CVD::Interpolate::Bilinear,CVD::byte>::operator [](const TooN::Vector<2,TooN::DefaultPrecision,TooN::Internal::VBase> &) const' being compiled
                 g:\visual studio 2013\ptamm\ptamm\calibcornerpatch.cc(143) : see reference to class template instantiation 'CVD::image_interpolate<CVD::Interpolate::Bilinear,CVD::byte>' being compiled
     1>g:\code\libcvd-2013\cvd\image_interpolate.h(190): warning C4244: '=' : conversion from 'double' to 'float', possible loss of data
     1>g:\code\libcvd-2013\cvd\image_interpolate.h(193): warning C4244: '=' : conversion from 'double' to 'float', possible loss of data
     1>g:\code\libcvd-2013\cvd\image_interpolate.h(196): warning C4244: '=' : conversion from 'double' to 'float', possible loss of data
         ATANCamera.cc
         Generating Code...
       Link:
         C:\Program Files (x86)\Microsoft Visual Studio 12.0\VC\bin\link.exe /ERRORREPORT:PROMPT /OUT:"G:\Visual Studio 2013\PTAMM\Debug\CameraCalibrator.exe" /INCREMENTAL /NOLOGO /LIBPATH:"\pthreads-2-9-1\pthreads.2\\" /LIBPATH:"G:\code\\pthreads-2-9-1\Pre-built.2\lib\x86" /LIBPATH:G:\code\\LaPack /LIBPATH:"C:\Program Files (x86)\Microsoft SDKs\Windows\v7.0A\Lib" /LIBPATH:"G:\code\opencv2.4\opencv\build-self\install\x86\vc12\lib" /LIBPATH:"G:\code\\gvars3-2013\lib" /LIBPATH:"G:\code\\libcvd-2013\lib" /LIBPATH:"G:\code\\zlib-vs12-x86\lib" /LIBPATH:"G:\code\\glew-1.9.0\lib\\" pthreadVCE2.lib lapack_win32.lib blas_win32.lib OpenGL32.lib GlU32.lib opencv_core2410d.lib opencv_highgui2410d.lib opencv_imgproc2410d.lib opencv_calib3d2410d.lib opencv_video2410d.lib opencv_features2d2410d.lib gvars3d.lib libcvdd.lib zlibstaticd.lib glew32s.lib glew32mxs.lib kernel32.lib user32.lib gdi32.lib winspool.lib comdlg32.lib advapi32.lib shell32.lib ole32.lib oleaut32.lib uuid.lib odbc32.lib odbccp32.lib /MANIFEST /MANIFESTUAC:"level='asInvoker' uiAccess='false'" /manifest:embed /DEBUG /PDB:"G:\Visual Studio 2013\PTAMM\Debug\CameraCalibrator.pdb" /TLBID:1 /DYNAMICBASE /NXCOMPAT /IMPLIB:"G:\Visual Studio 2013\PTAMM\Debug\CameraCalibrator.lib" /MACHINE:X86 Debug\ATANCamera.obj
         Debug\CalibCornerPatch.obj
         Debug\CalibImage.obj
         Debug\CameraCalibrator.obj
         Debug\GLWindow2.obj
         Debug\GLWindowMenu.obj
         Debug\VideoSource_GHOST.obj
     1>gvars3d.lib(GStringUtil.obj) : warning LNK4099: PDB 'vc120.pdb' was not found with 'gvars3d.lib(GStringUtil.obj)' or at 'G:\Visual Studio 2013\PTAMM\Debug\vc120.pdb'; linking object as if no debug info
     1>gvars3d.lib(GUI.obj) : warning LNK4099: PDB 'vc120.pdb' was not found with 'gvars3d.lib(GUI.obj)' or at 'G:\Visual Studio 2013\PTAMM\Debug\vc120.pdb'; linking object as if no debug info
     1>gvars3d.lib(GUI_impl_noreadline.obj) : warning LNK4099: PDB 'vc120.pdb' was not found with 'gvars3d.lib(GUI_impl_noreadline.obj)' or at 'G:\Visual Studio 2013\PTAMM\Debug\vc120.pdb'; linking object as if no debug info
     1>gvars3d.lib(GUI_non_readline.obj) : warning LNK4099: PDB 'vc120.pdb' was not found with 'gvars3d.lib(GUI_non_readline.obj)' or at 'G:\Visual Studio 2013\PTAMM\Debug\vc120.pdb'; linking object as if no debug info
     1>gvars3d.lib(gvars2.obj) : warning LNK4099: PDB 'vc120.pdb' was not found with 'gvars3d.lib(gvars2.obj)' or at 'G:\Visual Studio 2013\PTAMM\Debug\vc120.pdb'; linking object as if no debug info
     1>gvars3d.lib(gvars3.obj) : warning LNK4099: PDB 'vc120.pdb' was not found with 'gvars3d.lib(gvars3.obj)' or at 'G:\Visual Studio 2013\PTAMM\Debug\vc120.pdb'; linking object as if no debug info
     1>gvars3d.lib(inst.obj) : warning LNK4099: PDB 'vc120.pdb' was not found with 'gvars3d.lib(inst.obj)' or at 'G:\Visual Studio 2013\PTAMM\Debug\vc120.pdb'; linking object as if no debug info
     1>gvars3d.lib(serialize.obj) : warning LNK4099: PDB 'vc120.pdb' was not found with 'gvars3d.lib(serialize.obj)' or at 'G:\Visual Studio 2013\PTAMM\Debug\vc120.pdb'; linking object as if no debug info
         CameraCalibrator.vcxproj -> G:\Visual Studio 2013\PTAMM\Debug\CameraCalibrator.exe
     1>Done Building Project "G:\Visual Studio 2013\PTAMM\CameraCalibrator\CameraCalibrator.vcxproj" (Build target(s)).

Build succeeded.

Time Elapsed 00:00:09.26
