g:\visual studio 2013\ptamm\ptamm\release\vc120.pdb
g:\visual studio 2013\ptamm\ptamm\release\md5wrapper.obj
g:\visual studio 2013\ptamm\ptamm\release\md5.obj
g:\visual studio 2013\ptamm\ptamm\release\mapviewer.obj
g:\visual studio 2013\ptamm\ptamm\release\mappoint.obj
g:\visual studio 2013\ptamm\ptamm\release\mapmaker.obj
g:\visual studio 2013\ptamm\ptamm\release\maplockmanager.obj
g:\visual studio 2013\ptamm\ptamm\release\map.obj
g:\visual studio 2013\ptamm\ptamm\release\main.obj
g:\visual studio 2013\ptamm\ptamm\release\keyframe.obj
g:\visual studio 2013\ptamm\ptamm\release\homographyinit.obj
g:\visual studio 2013\ptamm\ptamm\release\glwindowmenu.obj
g:\visual studio 2013\ptamm\ptamm\release\glwindow2.obj
g:\visual studio 2013\ptamm\ptamm\release\ghostgame.obj
g:\visual studio 2013\ptamm\ptamm\release\eyegame.obj
g:\visual studio 2013\ptamm\ptamm\release\bundle.obj
g:\visual studio 2013\ptamm\ptamm\release\atancamera.obj
g:\visual studio 2013\ptamm\ptamm\release\videosource_ghost.obj
g:\visual studio 2013\ptamm\ptamm\release\utils.obj
g:\visual studio 2013\ptamm\ptamm\release\tracker.obj
g:\visual studio 2013\ptamm\ptamm\release\smallblurryimage.obj
g:\visual studio 2013\ptamm\ptamm\release\skeletontaker.obj
g:\visual studio 2013\ptamm\ptamm\release\shootergametarget.obj
g:\visual studio 2013\ptamm\ptamm\release\shootergame.obj
g:\visual studio 2013\ptamm\ptamm\release\shitomasi.obj
g:\visual studio 2013\ptamm\ptamm\release\relocaliser.obj
g:\visual studio 2013\ptamm\ptamm\release\ptam2kinect.obj
g:\visual studio 2013\ptamm\ptamm\release\patchfinder.obj
g:\visual studio 2013\ptamm\ptamm\release\minipatch.obj
g:\visual studio 2013\ptamm\ptamm\release\system.obj
g:\visual studio 2013\ptamm\ptamm\release\mapserializer.obj
g:\visual studio 2013\ptamm\ptamm\release\games.obj
g:\visual studio 2013\ptamm\ptamm\release\ardriver.obj
g:\visual studio 2013\ptamm\ptamm\release\arreenactmentgame.obj
g:\visual studio 2013\ptamm\release\ptamm.exe
g:\visual studio 2013\ptamm\release\ptamm.pdb
g:\visual studio 2013\ptamm\ptamm\release\calibcornerpatch.obj
g:\visual studio 2013\ptamm\ptamm\release\calibimage.obj
g:\visual studio 2013\ptamm\ptamm\release\cameracalibrator.obj
g:\visual studio 2013\ptamm\ptamm\release\model3ds.obj
g:\visual studio 2013\ptamm\ptamm\release\modelbrowser.obj
g:\visual studio 2013\ptamm\ptamm\release\modelcontrols.obj
g:\visual studio 2013\ptamm\ptamm\release\modelsgame.obj
g:\visual studio 2013\ptamm\ptamm\release\modelsgamedata.obj
g:\visual studio 2013\ptamm\ptamm\release\videosource_win32_cmu1394.obj
g:\visual studio 2013\ptamm\ptamm\release\ptamm.tlog\cl.command.1.tlog
g:\visual studio 2013\ptamm\ptamm\release\ptamm.tlog\cl.read.1.tlog
g:\visual studio 2013\ptamm\ptamm\release\ptamm.tlog\cl.write.1.tlog
g:\visual studio 2013\ptamm\ptamm\release\ptamm.tlog\link.command.1.tlog
g:\visual studio 2013\ptamm\ptamm\release\ptamm.tlog\link.read.1.tlog
g:\visual studio 2013\ptamm\ptamm\release\ptamm.tlog\link.write.1.tlog
