Build started 6/5/2015 3:13:00 PM.
     1>Project "G:\Visual Studio 2013\PTAMM\CameraCalibrator\CameraCalibrator.vcxproj" on node 3 (Build target(s)).
     1>ClCompile:
         C:\Program Files (x86)\Microsoft Visual Studio 12.0\VC\bin\CL.exe /c /I"G:\Visual Studio 2013\PTAMM\KinectManager" /I"C:\Program Files\Microsoft SDKs\Kinect\v1.8\inc" /I"G:\code\\pthreads-2-9-1\Pre-built.2\include" /IG:\code\\LaPack\blas /IG:\code\\LaPack\lapack /I"C:\Program Files (x86)\Microsoft SDKs\Windows\v7.0A\Include" /I"G:\code\opencv2.4\opencv\build-self\install\include" /I"G:\code\\gvars3-2013" /I"G:\code\\libcvd-2013" /IG:\code\\TooN /I"G:\code\\glew-1.9.0\include" /IG:\code\\TooN /Zi /nologo /W3 /WX- /sdl /O2 /Oi /Oy- /GL /D GLEW_STATIC /D _MBCS /Gm- /EHsc /MT /GS /Gy /fp:precise /Zc:wchar_t /Zc:forScope /Fo"Release\\" /Fd"Release\vc120.pdb" /Gd /TP /analyze- /errorReport:prompt ..\PTAMM\VideoSource_GHOST.cc
         VideoSource_GHOST.cc
     1>c:\program files (x86)\microsoft sdks\windows\v7.0a\include\sal_supp.h(57): warning C4005: '__useHeader' : macro redefinition
                 C:\Program Files (x86)\Microsoft Visual Studio 12.0\VC\include\sal.h(2886) : see previous definition of '__useHeader'
     1>c:\program files (x86)\microsoft sdks\windows\v7.0a\include\specstrings_supp.h(77): warning C4005: '__on_failure' : macro redefinition
                 C:\Program Files (x86)\Microsoft Visual Studio 12.0\VC\include\sal.h(2896) : see previous definition of '__on_failure'
     1>G:\code\libcvd-2013\cvd/internal/win.h(5): warning C4005: '_WIN32_WINNT' : macro redefinition
                 C:\Program Files (x86)\Microsoft SDKs\Windows\v7.0A\Include\sdkddkver.h(197) : see previous definition of '_WIN32_WINNT'
     1>..\PTAMM\VideoSource_GHOST.cc(471): warning C4244: '-=' : conversion from 'double' to 'int', possible loss of data
       Link:
         C:\Program Files (x86)\Microsoft Visual Studio 12.0\VC\bin\link.exe /ERRORREPORT:PROMPT /OUT:"G:\Visual Studio 2013\PTAMM\Release\CameraCalibrator.exe" /NOLOGO /LIBPATH:"C:\Program Files\Microsoft SDKs\Kinect\v1.8\lib\x86" /LIBPATH:"\pthreads-2-9-1\pthreads.2\\" /LIBPATH:"G:\code\\pthreads-2-9-1\Pre-built.2\lib\x86" /LIBPATH:G:\code\\LaPack /LIBPATH:"C:\Program Files (x86)\Microsoft SDKs\Windows\v7.0A\Lib" /LIBPATH:"G:\code\opencv2.4\opencv\build-self\install\x86\vc12\lib" /LIBPATH:"G:\code\\gvars3-2013\lib" /LIBPATH:"G:\code\\libcvd-2013\lib" /LIBPATH:"G:\code\\zlib-vs12-x86\lib" /LIBPATH:"G:\code\\glew-1.9.0\lib\\" Kinect10.lib pthreadVCE2.lib lapack_win32.lib blas_win32.lib OpenGL32.lib GlU32.lib opencv_core2410.lib opencv_highgui2410.lib opencv_imgproc2410.lib opencv_calib3d2410.lib opencv_video2410.lib opencv_features2d2410.lib gvars3.lib libcvd.lib zlibstatic.lib glew32s.lib glew32mxs.lib kernel32.lib user32.lib gdi32.lib winspool.lib comdlg32.lib advapi32.lib shell32.lib ole32.lib oleaut32.lib uuid.lib odbc32.lib odbccp32.lib /MANIFEST /MANIFESTUAC:"level='asInvoker' uiAccess='false'" /manifest:embed /DEBUG /PDB:"G:\Visual Studio 2013\PTAMM\Release\CameraCalibrator.pdb" /OPT:REF /OPT:ICF /LTCG /TLBID:1 /DYNAMICBASE /NXCOMPAT /IMPLIB:"G:\Visual Studio 2013\PTAMM\Release\CameraCalibrator.lib" /MACHINE:X86 /SAFESEH Release\ATANCamera.obj
         Release\CalibCornerPatch.obj
         Release\CalibImage.obj
         Release\CameraCalibrator.obj
         Release\GLWindow2.obj
         Release\GLWindowMenu.obj
         Release\VideoSource_GHOST.obj
         "G:\Visual Studio 2013\PTAMM\Release\KinectManager.lib"
         Generating code
         Finished generating code
     1>gvars3.lib(gvars3.obj) : warning LNK4099: PDB 'vc120.pdb' was not found with 'gvars3.lib(gvars3.obj)' or at 'G:\Visual Studio 2013\PTAMM\Release\vc120.pdb'; linking object as if no debug info
     1>gvars3.lib(serialize.obj) : warning LNK4099: PDB 'vc120.pdb' was not found with 'gvars3.lib(serialize.obj)' or at 'G:\Visual Studio 2013\PTAMM\Release\vc120.pdb'; linking object as if no debug info
     1>gvars3.lib(inst.obj) : warning LNK4099: PDB 'vc120.pdb' was not found with 'gvars3.lib(inst.obj)' or at 'G:\Visual Studio 2013\PTAMM\Release\vc120.pdb'; linking object as if no debug info
     1>gvars3.lib(gvars2.obj) : warning LNK4099: PDB 'vc120.pdb' was not found with 'gvars3.lib(gvars2.obj)' or at 'G:\Visual Studio 2013\PTAMM\Release\vc120.pdb'; linking object as if no debug info
     1>gvars3.lib(GUI.obj) : warning LNK4099: PDB 'vc120.pdb' was not found with 'gvars3.lib(GUI.obj)' or at 'G:\Visual Studio 2013\PTAMM\Release\vc120.pdb'; linking object as if no debug info
     1>gvars3.lib(GStringUtil.obj) : warning LNK4099: PDB 'vc120.pdb' was not found with 'gvars3.lib(GStringUtil.obj)' or at 'G:\Visual Studio 2013\PTAMM\Release\vc120.pdb'; linking object as if no debug info
     1>gvars3.lib(GUI_impl_noreadline.obj) : warning LNK4099: PDB 'vc120.pdb' was not found with 'gvars3.lib(GUI_impl_noreadline.obj)' or at 'G:\Visual Studio 2013\PTAMM\Release\vc120.pdb'; linking object as if no debug info
     1>gvars3.lib(GUI_non_readline.obj) : warning LNK4099: PDB 'vc120.pdb' was not found with 'gvars3.lib(GUI_non_readline.obj)' or at 'G:\Visual Studio 2013\PTAMM\Release\vc120.pdb'; linking object as if no debug info
         CameraCalibrator.vcxproj -> G:\Visual Studio 2013\PTAMM\Release\CameraCalibrator.exe
     1>Done Building Project "G:\Visual Studio 2013\PTAMM\CameraCalibrator\CameraCalibrator.vcxproj" (Build target(s)).

Build succeeded.

Time Elapsed 00:00:05.22
